        -:    0:Source:../common/sockets/v0/SocketAddr.h
        -:    0:Graph:objs/m2mconnectionhandlerimpl_mbed_unit/m2mconnectionhandlerpimpl.gcno
        -:    0:Data:objs/m2mconnectionhandlerimpl_mbed_unit/m2mconnectionhandlerpimpl.gcda
        -:    0:Runs:1
        -:    0:Programs:1
        -:    1:/*
        -:    2: * PackageLicenseDeclared: Apache-2.0
        -:    3: * Copyright (c) 2015 ARM Limited
        -:    4: *
        -:    5: * Licensed under the Apache License, Version 2.0 (the "License");
        -:    6: * you may not use this file except in compliance with the License.
        -:    7: * You may obtain a copy of the License at
        -:    8: *
        -:    9: *     http://www.apache.org/licenses/LICENSE-2.0
        -:   10: *
        -:   11: * Unless required by applicable law or agreed to in writing, software
        -:   12: * distributed under the License is distributed on an "AS IS" BASIS,
        -:   13: * WITHOUT WARRANTIES OR CONDITIONS OF ANY KIND, either express or implied.
        -:   14: * See the License for the specific language governing permissions and
        -:   15: * limitations under the License.
        -:   16: */
        -:   17:#ifndef __MBED_NET_SOCKETS_V0_SOCKETADDR_H__
        -:   18:#define __MBED_NET_SOCKETS_V0_SOCKETADDR_H__
        -:   19:
        -:   20:#include "sal/socket_types.h"
        -:   21:
        -:   22:namespace mbed {
        -:   23:namespace Sockets {
        -:   24:namespace v0 {
        -:   25:
        -:   26:class SocketAddr {
        -:   27:public:
        6:   28:    struct socket_addr * getAddr() {return &_addr;}
    #####:   29:    const struct socket_addr * getAddr() const {return &_addr;}
        -:   30:    void setAddr(const struct socket_addr *addr);
        -:   31:    void setAddr(const SocketAddr *addr);
        -:   32:    size_t getAddrSize() const {return sizeof(_addr.ipv6be);}
        -:   33:    bool is_v4();
        -:   34:
        -:   35:    int fmtIPv4(char *buf, size_t size);
        -:   36:    int fmtIPv6(char *buf, size_t size);
        -:   37:protected:
        -:   38:    struct socket_addr _addr;
        -:   39:};
        -:   40:} // namespace v0
        -:   41:} // namespace Sockets
        -:   42:} // namespace mbed
        -:   43:#endif // __MBED_NET_SOCKETS_V0_SOCKETADDR_H__
