        -:    0:Source:../common/mbed-drivers/Ticker.h
        -:    0:Graph:objs/m2mtimerpimpl_mbed_unit/m2mtimerpimpl.gcno
        -:    0:Data:objs/m2mtimerpimpl_mbed_unit/m2mtimerpimpl.gcda
        -:    0:Runs:1
        -:    0:Programs:1
        -:    1:/*
        -:    2: * Copyright (c) 2015 ARM Limited. All rights reserved.
        -:    3: * SPDX-License-Identifier: Apache-2.0
        -:    4: * Licensed under the Apache License, Version 2.0 (the License); you may
        -:    5: * not use this file except in compliance with the License.
        -:    6: * You may obtain a copy of the License at
        -:    7: *
        -:    8: * http://www.apache.org/licenses/LICENSE-2.0
        -:    9: *
        -:   10: * Unless required by applicable law or agreed to in writing, software
        -:   11: * distributed under the License is distributed on an AS IS BASIS, WITHOUT
        -:   12: * WARRANTIES OR CONDITIONS OF ANY KIND, either express or implied.
        -:   13: * See the License for the specific language governing permissions and
        -:   14: * limitations under the License.
        -:   15: */
        -:   16:#ifndef TICKER_H
        -:   17:#define TICKER_H
        -:   18:
        -:   19:namespace mbed
        -:   20:{
        -:   21:typedef uint64_t timestamp_t;
        -:   22:
        -:   23:    class Ticker{
        -:   24:    public :
        9:   25:        Ticker() {}
        9:   26:        ~Ticker(){}
        -:   27:
        -:   28:        // Ticker
        -:   29:        template<typename T>
        9:   30:        void attach_us(T* tptr, void (T::*mptr)(void), timestamp_t){}
        -:   31:
        -:   32:        void detach();
        -:   33:    };
        -:   34:}
        -:   35:
        -:   36:#endif // TICKER_H
